\BOOKMARK [0][-]{chapter*.2}{Objetivo do Projeto}{}% 1
\BOOKMARK [-1][-]{part*.3}{Pacote classes.math}{}% 2
\BOOKMARK [0][-]{chapter*.5}{Classe XMath}{part*.3}% 3
\BOOKMARK [1][-]{section*.7}{XMath\(\)}{chapter*.5}% 4
\BOOKMARK [1][-]{section*.8}{frac\(\)}{chapter*.5}% 5
\BOOKMARK [1][-]{section*.9}{frac\(\)}{chapter*.5}% 6
\BOOKMARK [1][-]{section*.10}{integ\(\)}{chapter*.5}% 7
\BOOKMARK [1][-]{section*.11}{nPr\(\)}{chapter*.5}% 8
\BOOKMARK [1][-]{section*.12}{nCPr\(\)}{chapter*.5}% 9
\BOOKMARK [1][-]{section*.13}{nPr\(\)}{chapter*.5}% 10
\BOOKMARK [1][-]{section*.14}{nCPr\(\)}{chapter*.5}% 11
\BOOKMARK [1][-]{section*.15}{nCr\(\)}{chapter*.5}% 12
\BOOKMARK [1][-]{section*.16}{sum\(\)}{chapter*.5}% 13
\BOOKMARK [1][-]{section*.17}{sum\(\)}{chapter*.5}% 14
\BOOKMARK [1][-]{section*.18}{sum\(\)}{chapter*.5}% 15
\BOOKMARK [-1][-]{part*.19}{Pacote classes.math.numberstheory}{}% 16
\BOOKMARK [0][-]{chapter*.21}{Classe Sieve}{part*.19}% 17
\BOOKMARK [1][-]{section*.23}{Sieve\(\)}{chapter*.21}% 18
\BOOKMARK [1][-]{section*.24}{appendList\(\)}{chapter*.21}% 19
\BOOKMARK [1][-]{section*.25}{getPrimes\(\)}{chapter*.21}% 20
\BOOKMARK [1][-]{section*.26}{getList\(\)}{chapter*.21}% 21
