This is pdfTeX, Version 3.14159265-2.6-1.40.19 (MiKTeX 2.9.6930 64-bit) (preloaded format=pdflatex 2019.1.7)  16 FEB 2019 19:19
entering extended mode
**./MathPackage.tex
(MathPackage.tex
LaTeX2e <2018-12-01>
("C:\Users\userhugo\AppData\Local\Programs\MiKTeX 2.9\tex/latex/base\book.cls"
Document Class: book 2018/09/03 v1.4i Standard LaTeX document class
("C:\Users\userhugo\AppData\Local\Programs\MiKTeX 2.9\tex/latex/base\bk12.clo"
File: bk12.clo 2018/09/03 v1.4i Standard LaTeX file (size option)
)
\c@part=\count80
\c@chapter=\count81
\c@section=\count82
\c@subsection=\count83
\c@subsubsection=\count84
\c@paragraph=\count85
\c@subparagraph=\count86
\c@figure=\count87
\c@table=\count88
\abovecaptionskip=\skip41
\belowcaptionskip=\skip42
\bibindent=\dimen102
)
("C:\Users\userhugo\AppData\Local\Programs\MiKTeX 2.9\tex/generic/babel\babel.s
ty"
Package: babel 2018/11/13 3.27 The Babel package

("C:\Users\userhugo\AppData\Local\Programs\MiKTeX 2.9\tex/generic/babel\switch.
def"
File: switch.def 2018/11/13 3.27 Babel switching mechanism
)
*************************************
* Local config file bblopts.cfg used
*

("C:\Users\userhugo\AppData\Local\Programs\MiKTeX 2.9\tex/latex/arabi\bblopts.c
fg"
File: bblopts.cfg 2005/09/08 v0.1 add Arabic and Farsi to "declared" options of
 babel
)
("C:\Users\userhugo\AppData\Local\Programs\MiKTeX 2.9\tex/latex/babel-portuges\
portuges.ldf"
Language: portuges 2008/03/18 v1.2q Portuguese support from the babel system

("C:\Users\userhugo\AppData\Local\Programs\MiKTeX 2.9\tex/generic/babel\babel.d
ef"
File: babel.def 2018/11/13 3.27 Babel common definitions
\babel@savecnt=\count89
\U@D=\dimen103

("C:\Users\userhugo\AppData\Local\Programs\MiKTeX 2.9\tex/generic/babel\txtbabe
l.def")
\bbl@dirlevel=\count90
)
\l@brazilian = a dialect from \language\l@portuges 
Package babel Info: Making " an active character on input line 145.
))
("C:\Users\userhugo\AppData\Local\Programs\MiKTeX 2.9\tex/latex/base\inputenc.s
ty"
Package: inputenc 2018/08/11 v1.3c Input encoding file
\inpenc@prehook=\toks14
\inpenc@posthook=\toks15
)
("C:\Users\userhugo\AppData\Local\Programs\MiKTeX 2.9\tex/latex/amsmath\amsmath
.sty"
Package: amsmath 2018/12/01 v2.17b AMS math features
\@mathmargin=\skip43

For additional information on amsmath, use the `?' option.

("C:\Users\userhugo\AppData\Local\Programs\MiKTeX 2.9\tex/latex/amsmath\amstext
.sty"
Package: amstext 2000/06/29 v2.01 AMS text

("C:\Users\userhugo\AppData\Local\Programs\MiKTeX 2.9\tex/latex/amsmath\amsgen.
sty"
File: amsgen.sty 1999/11/30 v2.0 generic functions
\@emptytoks=\toks16
\ex@=\dimen104
))
("C:\Users\userhugo\AppData\Local\Programs\MiKTeX 2.9\tex/latex/amsmath\amsbsy.
sty"
Package: amsbsy 1999/11/29 v1.2d Bold Symbols
\pmbraise@=\dimen105
)
("C:\Users\userhugo\AppData\Local\Programs\MiKTeX 2.9\tex/latex/amsmath\amsopn.
sty"
Package: amsopn 2016/03/08 v2.02 operator names
)
\inf@bad=\count91
LaTeX Info: Redefining \frac on input line 223.
\uproot@=\count92
\leftroot@=\count93
LaTeX Info: Redefining \overline on input line 385.
\classnum@=\count94
\DOTSCASE@=\count95
LaTeX Info: Redefining \ldots on input line 482.
LaTeX Info: Redefining \dots on input line 485.
LaTeX Info: Redefining \cdots on input line 606.
\Mathstrutbox@=\box27
\strutbox@=\box28
\big@size=\dimen106
LaTeX Font Info:    Redeclaring font encoding OML on input line 729.
LaTeX Font Info:    Redeclaring font encoding OMS on input line 730.
\macc@depth=\count96
\c@MaxMatrixCols=\count97
\dotsspace@=\muskip10
\c@parentequation=\count98
\dspbrk@lvl=\count99
\tag@help=\toks17
\row@=\count100
\column@=\count101
\maxfields@=\count102
\andhelp@=\toks18
\eqnshift@=\dimen107
\alignsep@=\dimen108
\tagshift@=\dimen109
\tagwidth@=\dimen110
\totwidth@=\dimen111
\lineht@=\dimen112
\@envbody=\toks19
\multlinegap=\skip44
\multlinetaggap=\skip45
\mathdisplay@stack=\toks20
LaTeX Info: Redefining \[ on input line 2844.
LaTeX Info: Redefining \] on input line 2845.
)
("C:\Users\userhugo\AppData\Local\Programs\MiKTeX 2.9\tex/latex/amsfonts\amsfon
ts.sty"
Package: amsfonts 2013/01/14 v3.01 Basic AMSFonts support
\symAMSa=\mathgroup4
\symAMSb=\mathgroup5
LaTeX Font Info:    Overwriting math alphabet `\mathfrak' in version `bold'
(Font)                  U/euf/m/n --> U/euf/b/n on input line 106.
)
("C:\Users\userhugo\AppData\Local\Programs\MiKTeX 2.9\tex/latex/amsfonts\amssym
b.sty"
Package: amssymb 2013/01/14 v3.01 AMS font symbols
)
("C:\Users\userhugo\AppData\Local\Programs\MiKTeX 2.9\tex/latex/graphics\graphi
cx.sty"
Package: graphicx 2017/06/01 v1.1a Enhanced LaTeX Graphics (DPC,SPQR)

("C:\Users\userhugo\AppData\Local\Programs\MiKTeX 2.9\tex/latex/graphics\keyval
.sty"
Package: keyval 2014/10/28 v1.15 key=value parser (DPC)
\KV@toks@=\toks21
)
("C:\Users\userhugo\AppData\Local\Programs\MiKTeX 2.9\tex/latex/graphics\graphi
cs.sty"
Package: graphics 2017/06/25 v1.2c Standard LaTeX Graphics (DPC,SPQR)

("C:\Users\userhugo\AppData\Local\Programs\MiKTeX 2.9\tex/latex/graphics\trig.s
ty"
Package: trig 2016/01/03 v1.10 sin cos tan (DPC)
)
("C:\Users\userhugo\AppData\Local\Programs\MiKTeX 2.9\tex/latex/graphics-cfg\gr
aphics.cfg"
File: graphics.cfg 2016/06/04 v1.11 sample graphics configuration
)
Package graphics Info: Driver file: pdftex.def on input line 99.

("C:\Users\userhugo\AppData\Local\Programs\MiKTeX 2.9\tex/latex/graphics-def\pd
ftex.def"
File: pdftex.def 2018/01/08 v1.0l Graphics/color driver for pdftex
))
\Gin@req@height=\dimen113
\Gin@req@width=\dimen114
)
("C:\Users\userhugo\AppData\Local\Programs\MiKTeX 2.9\tex/latex/xcolor\xcolor.s
ty"
Package: xcolor 2016/05/11 v2.12 LaTeX color extensions (UK)

("C:\Users\userhugo\AppData\Local\Programs\MiKTeX 2.9\tex/latex/graphics-cfg\co
lor.cfg"
File: color.cfg 2016/01/02 v1.6 sample color configuration
)
Package xcolor Info: Driver file: pdftex.def on input line 225.
Package xcolor Info: Model `cmy' substituted by `cmy0' on input line 1348.
Package xcolor Info: Model `hsb' substituted by `rgb' on input line 1352.
Package xcolor Info: Model `RGB' extended on input line 1364.
Package xcolor Info: Model `HTML' substituted by `rgb' on input line 1366.
Package xcolor Info: Model `Hsb' substituted by `hsb' on input line 1367.
Package xcolor Info: Model `tHsb' substituted by `hsb' on input line 1368.
Package xcolor Info: Model `HSB' substituted by `hsb' on input line 1369.
Package xcolor Info: Model `Gray' substituted by `gray' on input line 1370.
Package xcolor Info: Model `wave' substituted by `hsb' on input line 1371.

("C:\Users\userhugo\AppData\Local\Programs\MiKTeX 2.9\tex/latex/xcolor\svgnam.d
ef"
File: svgnam.def 2016/05/11 v2.12 Predefined colors according to SVG 1.1 (UK)
))
("C:\Users\userhugo\AppData\Local\Programs\MiKTeX 2.9\tex/latex/geometry\geomet
ry.sty"
Package: geometry 2018/04/16 v5.8 Page Geometry

("C:\Users\userhugo\AppData\Local\Programs\MiKTeX 2.9\tex/generic/oberdiek\ifpd
f.sty"
Package: ifpdf 2018/09/07 v3.3 Provides the ifpdf switch
)
("C:\Users\userhugo\AppData\Local\Programs\MiKTeX 2.9\tex/generic/oberdiek\ifvt
ex.sty"
Package: ifvtex 2016/05/16 v1.6 Detect VTeX and its facilities (HO)
Package ifvtex Info: VTeX not detected.
)
("C:\Users\userhugo\AppData\Local\Programs\MiKTeX 2.9\tex/generic/ifxetex\ifxet
ex.sty"
Package: ifxetex 2010/09/12 v0.6 Provides ifxetex conditional
)
\Gm@cnth=\count103
\Gm@cntv=\count104
\c@Gm@tempcnt=\count105
\Gm@bindingoffset=\dimen115
\Gm@wd@mp=\dimen116
\Gm@odd@mp=\dimen117
\Gm@even@mp=\dimen118
\Gm@layoutwidth=\dimen119
\Gm@layoutheight=\dimen120
\Gm@layouthoffset=\dimen121
\Gm@layoutvoffset=\dimen122
\Gm@dimlist=\toks22

("C:\Users\userhugo\AppData\Local\Programs\MiKTeX 2.9\tex/latex/geometry\geomet
ry.cfg"))
("C:\Users\userhugo\AppData\Local\Programs\MiKTeX 2.9\tex/latex/listings\listin
gs.sty"
\lst@mode=\count106
\lst@gtempboxa=\box29
\lst@token=\toks23
\lst@length=\count107
\lst@currlwidth=\dimen123
\lst@column=\count108
\lst@pos=\count109
\lst@lostspace=\dimen124
\lst@width=\dimen125
\lst@newlines=\count110
\lst@lineno=\count111
\lst@maxwidth=\dimen126

("C:\Users\userhugo\AppData\Local\Programs\MiKTeX 2.9\tex/latex/listings\lstmis
c.sty"
File: lstmisc.sty 2018/09/02 1.7 (Carsten Heinz)
\c@lstnumber=\count112
\lst@skipnumbers=\count113
\lst@framebox=\box30
)
("C:\Users\userhugo\AppData\Local\Programs\MiKTeX 2.9\tex/latex/listings\listin
gs.cfg"
File: listings.cfg 2018/09/02 1.7 listings configuration
))
Package: listings 2018/09/02 1.7 (Carsten Heinz)

("C:\Users\userhugo\AppData\Local\Programs\MiKTeX 2.9\tex/latex/listings\lstlan
g1.sty"
File: lstlang1.sty 2018/09/02 1.7 listings language file
) (MathPackage.aux)
\openout1 = `MathPackage.aux'.

LaTeX Font Info:    Checking defaults for OML/cmm/m/it on input line 70.
LaTeX Font Info:    ... okay on input line 70.
LaTeX Font Info:    Checking defaults for T1/cmr/m/n on input line 70.
LaTeX Font Info:    ... okay on input line 70.
LaTeX Font Info:    Checking defaults for OT1/cmr/m/n on input line 70.
LaTeX Font Info:    ... okay on input line 70.
LaTeX Font Info:    Checking defaults for OMS/cmsy/m/n on input line 70.
LaTeX Font Info:    ... okay on input line 70.
LaTeX Font Info:    Checking defaults for OMX/cmex/m/n on input line 70.
LaTeX Font Info:    ... okay on input line 70.
LaTeX Font Info:    Checking defaults for U/cmr/m/n on input line 70.
LaTeX Font Info:    ... okay on input line 70.

("C:\Users\userhugo\AppData\Local\Programs\MiKTeX 2.9\tex/context/base\supp-pdf
.mkii"
[Loading MPS to PDF converter (version 2006.09.02).]
\scratchcounter=\count114
\scratchdimen=\dimen127
\scratchbox=\box31
\nofMPsegments=\count115
\nofMParguments=\count116
\everyMPshowfont=\toks24
\MPscratchCnt=\count117
\MPscratchDim=\dimen128
\MPnumerator=\count118
\makeMPintoPDFobject=\count119
\everyMPtoPDFconversion=\toks25
)
("C:\Users\userhugo\AppData\Local\Programs\MiKTeX 2.9\tex/latex/oberdiek\epstop
df-base.sty"
Package: epstopdf-base 2016/05/15 v2.6 Base part for package epstopdf

("C:\Users\userhugo\AppData\Local\Programs\MiKTeX 2.9\tex/generic/oberdiek\infw
arerr.sty"
Package: infwarerr 2016/05/16 v1.4 Providing info/warning/error messages (HO)
)
("C:\Users\userhugo\AppData\Local\Programs\MiKTeX 2.9\tex/latex/oberdiek\grfext
.sty"
Package: grfext 2016/05/16 v1.2 Manage graphics extensions (HO)

("C:\Users\userhugo\AppData\Local\Programs\MiKTeX 2.9\tex/generic/oberdiek\kvde
finekeys.sty"
Package: kvdefinekeys 2016/05/16 v1.4 Define keys (HO)

("C:\Users\userhugo\AppData\Local\Programs\MiKTeX 2.9\tex/generic/oberdiek\ltxc
mds.sty"
Package: ltxcmds 2016/05/16 v1.23 LaTeX kernel commands for general use (HO)
)))
("C:\Users\userhugo\AppData\Local\Programs\MiKTeX 2.9\tex/latex/oberdiek\kvopti
ons.sty"
Package: kvoptions 2016/05/16 v3.12 Key value format for package options (HO)

("C:\Users\userhugo\AppData\Local\Programs\MiKTeX 2.9\tex/generic/oberdiek\kvse
tkeys.sty"
Package: kvsetkeys 2016/05/16 v1.17 Key value parser (HO)

("C:\Users\userhugo\AppData\Local\Programs\MiKTeX 2.9\tex/generic/oberdiek\etex
cmds.sty"
Package: etexcmds 2016/05/16 v1.6 Avoid name clashes with e-TeX commands (HO)

("C:\Users\userhugo\AppData\Local\Programs\MiKTeX 2.9\tex/generic/oberdiek\iflu
atex.sty"
Package: ifluatex 2016/05/16 v1.4 Provides the ifluatex switch (HO)
Package ifluatex Info: LuaTeX not detected.
))))
("C:\Users\userhugo\AppData\Local\Programs\MiKTeX 2.9\tex/generic/oberdiek\pdft
excmds.sty"
Package: pdftexcmds 2018/09/10 v0.29 Utility functions of pdfTeX for LuaTeX (HO
)
Package pdftexcmds Info: LuaTeX not detected.
Package pdftexcmds Info: \pdf@primitive is available.
Package pdftexcmds Info: \pdf@ifprimitive is available.
Package pdftexcmds Info: \pdfdraftmode found.
)
Package epstopdf-base Info: Redefining graphics rule for `.eps' on input line 4
38.
Package grfext Info: Graphics extension search list:
(grfext)             [.pdf,.png,.jpg,.mps,.jpeg,.jbig2,.jb2,.PDF,.PNG,.JPG,.JPE
G,.JBIG2,.JB2,.eps]
(grfext)             \AppendGraphicsExtensions on input line 456.
)
*geometry* driver: auto-detecting
*geometry* detected driver: pdftex
*geometry* verbose mode - [ preamble ] result:
* driver: pdftex
* paper: a4paper
* layout: <same size as paper>
* layoutoffset:(h,v)=(0.0pt,0.0pt)
* modes: twoside 
* h-part:(L,W,R)=(28.45274pt, 540.60239pt, 28.45274pt)
* v-part:(T,H,B)=(142.26378pt, 645.87756pt, 56.9055pt)
* \paperwidth=597.50787pt
* \paperheight=845.04684pt
* \textwidth=540.60239pt
* \textheight=645.87756pt
* \oddsidemargin=-43.81725pt
* \evensidemargin=-43.81725pt
* \topmargin=38.12pt
* \headheight=12.0pt
* \headsep=19.8738pt
* \topskip=12.0pt
* \footskip=30.0pt
* \marginparwidth=88.0pt
* \marginparsep=7.0pt
* \columnsep=10.0pt
* \skip\footins=10.8pt plus 4.0pt minus 2.0pt
* \hoffset=0.0pt
* \voffset=0.0pt
* \mag=1000
* \@twocolumnfalse
* \@twosidetrue
* \@mparswitchtrue
* \@reversemarginfalse
* (1in=72.27pt=25.4mm, 1cm=28.453pt)

\c@lstlisting=\count120
LaTeX Font Info:    Try loading font information for U+msa on input line 77.

("C:\Users\userhugo\AppData\Local\Programs\MiKTeX 2.9\tex/latex/amsfonts\umsa.f
d"
File: umsa.fd 2013/01/14 v3.01 AMS symbols A
)
LaTeX Font Info:    Try loading font information for U+msb on input line 77.

("C:\Users\userhugo\AppData\Local\Programs\MiKTeX 2.9\tex/latex/amsfonts\umsb.f
d"
File: umsb.fd 2013/01/14 v3.01 AMS symbols B
) [1


{C:/Users/userhugo/AppData/Local/MiKTeX/2.9/pdftex/config/pdftex.map}]
(MathPackage.toc [2

])
\tf@toc=\write3
\openout3 = `MathPackage.toc'.

 [3]
Underfull \hbox (badness 10000) in paragraph at lines 94--101

 []


Underfull \hbox (badness 10000) in paragraph at lines 94--101

 []

[4

]
Underfull \hbox (badness 10000) in paragraph at lines 128--128

 []


Overfull \hbox (3.00528pt too wide) in paragraph at lines 128--129
[][][][][][][] 
 []

[5

]
Underfull \hbox (badness 10000) in paragraph at lines 156--156

 []


Overfull \hbox (3.00528pt too wide) in paragraph at lines 156--157
[][][][][][][] 
 []

[6

]
Underfull \hbox (badness 10000) in paragraph at lines 171--176

 []

LaTeX Font Info:    Font shape `OT1/cmtt/bx/n' in size <10.95> not available
(Font)              Font shape `OT1/cmtt/m/n' tried instead on input line 193.

Underfull \hbox (badness 10000) in paragraph at lines 196--201

 []


Underfull \hbox (badness 10000) in paragraph at lines 238--245

 []


Underfull \hbox (badness 10000) in paragraph at lines 238--245

 []

[7]
Underfull \hbox (badness 10000) in paragraph at lines 275--283

 []


Underfull \hbox (badness 10000) in paragraph at lines 275--283

 []


Underfull \hbox (badness 10000) in paragraph at lines 275--283

 []


Underfull \hbox (badness 10000) in paragraph at lines 289--295

 []

[8]
Underfull \hbox (badness 10000) in paragraph at lines 299--303

 []

<figuras/figura1.png, id=40, 403.5075pt x 125.46875pt>
File: figuras/figura1.png Graphic file (type png)
<use figuras/figura1.png>
Package pdftex.def Info: figuras/figura1.png  used on input line 309.
(pdftex.def)             Requested size: 284.52824pt x 85.36163pt.
LaTeX Font Info:    Try loading font information for OMS+cmr on input line 329.

("C:\Users\userhugo\AppData\Local\Programs\MiKTeX 2.9\tex/latex/base\omscmr.fd"
File: omscmr.fd 2014/09/29 v2.5h Standard LaTeX font definitions
)
LaTeX Font Info:    Font shape `OMS/cmr/m/n' in size <12> not available
(Font)              Font shape `OMS/cmsy/m/n' tried instead on input line 329.

Underfull \hbox (badness 10000) in paragraph at lines 320--339

 []


Underfull \hbox (badness 10000) in paragraph at lines 320--339

 []


Underfull \hbox (badness 10000) in paragraph at lines 320--339

 []


Underfull \hbox (badness 10000) in paragraph at lines 320--339

 []

[9 <./figuras/figura1.png>]
Underfull \hbox (badness 10000) in paragraph at lines 348--439

 []


Underfull \hbox (badness 10000) in paragraph at lines 348--439

 []


Underfull \hbox (badness 10000) in paragraph at lines 348--439

 []


Underfull \hbox (badness 10000) in paragraph at lines 348--439

 []


Underfull \hbox (badness 10000) in paragraph at lines 348--439

 []


Underfull \hbox (badness 10000) in paragraph at lines 348--439

 []


Underfull \hbox (badness 10000) in paragraph at lines 348--439

 []


Underfull \hbox (badness 10000) in paragraph at lines 348--439

 []


Underfull \hbox (badness 10000) in paragraph at lines 348--439

 []


Underfull \hbox (badness 10000) in paragraph at lines 348--439

 []


Underfull \hbox (badness 10000) in paragraph at lines 348--439

 []


Underfull \hbox (badness 10000) in paragraph at lines 348--439

 []


Underfull \hbox (badness 10000) in paragraph at lines 348--439

 []


Underfull \hbox (badness 10000) in paragraph at lines 348--439

 []


Underfull \hbox (badness 10000) in paragraph at lines 348--439

 []


LaTeX Warning: `h' float specifier changed to `ht'.


LaTeX Warning: `h' float specifier changed to `ht'.

[10] [11]
Underfull \hbox (badness 10000) in paragraph at lines 454--458

 []

[12]
Underfull \hbox (badness 10000) in paragraph at lines 492--505

 []


Underfull \hbox (badness 10000) in paragraph at lines 492--505

 []


Underfull \hbox (badness 10000) in paragraph at lines 492--505

 []


Underfull \hbox (badness 10000) in paragraph at lines 492--505

 []


Underfull \hbox (badness 10000) in paragraph at lines 513--546

 []


Underfull \hbox (badness 10000) in paragraph at lines 513--546

 []


Underfull \hbox (badness 10000) in paragraph at lines 513--546

 []


Underfull \hbox (badness 10000) in paragraph at lines 513--546

 []

[13]
Underfull \hbox (badness 10000) in paragraph at lines 547--605

 []


Underfull \hbox (badness 10000) in paragraph at lines 547--605

 []


Underfull \hbox (badness 10000) in paragraph at lines 547--605

 []


Underfull \hbox (badness 10000) in paragraph at lines 547--605

 []


Underfull \hbox (badness 10000) in paragraph at lines 547--605

 []


Underfull \hbox (badness 10000) in paragraph at lines 547--605

 []


Underfull \hbox (badness 10000) in paragraph at lines 547--605

 []


Underfull \hbox (badness 10000) in paragraph at lines 547--605

 []


Underfull \hbox (badness 10000) in paragraph at lines 547--605

 []


Underfull \hbox (badness 10000) in paragraph at lines 547--605

 []


Overfull \hbox (0.56337pt too wide) in paragraph at lines 547--605
\OT1/cmr/m/n/12 Porem ao se com-pu-tar $(\OML/cmm/m/it/12 n=d[]\OT1/cmr/m/n/12
 )\OML/cmm/m/it/12 Pb[]$ \OT1/cmr/m/n/12 e pre-ciso per-ce-ber que se esta co
m-pu-tando to-das as per-mutac~oes $(\OML/cmm/m/it/12 n=d[]\OT1/cmr/m/n/12 )\O
ML/cmm/m/it/12 Pb[]$
 []


Underfull \hbox (badness 10000) in paragraph at lines 547--605

 []


Underfull \hbox (badness 10000) in paragraph at lines 547--605

 []


Underfull \hbox (badness 10000) in paragraph at lines 547--605

 []


Underfull \hbox (badness 10000) in paragraph at lines 547--605

 []


Underfull \hbox (badness 10000) in paragraph at lines 547--605

 []


Underfull \hbox (badness 10000) in paragraph at lines 547--605

 []


Underfull \hbox (badness 10000) in paragraph at lines 547--605

 []


Underfull \hbox (badness 10000) in paragraph at lines 547--605

 []


Underfull \hbox (badness 10000) in paragraph at lines 547--605

 []


Underfull \hbox (badness 10000) in paragraph at lines 547--605

 []

[14]
Underfull \vbox (badness 10000) has occurred while \output is active []

 [15]
Underfull \vbox (badness 10000) has occurred while \output is active []

 [16]
Underfull \vbox (badness 10000) has occurred while \output is active []

 [17]
Underfull \vbox (badness 10000) has occurred while \output is active []

 [18]
[19]
Underfull \hbox (badness 10000) in paragraph at lines 781--794

 []


Underfull \hbox (badness 10000) in paragraph at lines 781--794

 []


Underfull \hbox (badness 10000) in paragraph at lines 781--794

 []


Underfull \hbox (badness 10000) in paragraph at lines 781--794

 []

[20]
Underfull \hbox (badness 10000) in paragraph at lines 853--869

 []


Underfull \hbox (badness 10000) in paragraph at lines 853--869

 []


Underfull \hbox (badness 10000) in paragraph at lines 853--869

 []


Underfull \hbox (badness 10000) in paragraph at lines 853--869

 []


Underfull \hbox (badness 10000) in paragraph at lines 853--869

 []

[21]
Underfull \vbox (badness 10000) has occurred while \output is active []

 [22]
Overfull \hbox (20.75842pt too wide) in paragraph at lines 935--935
[]\OT1/cmr/bx/n/17.28 public sta-tic Lin-ke-dList $\OML/cmm/m/it/17.28 < Long >
$ \OT1/cmr/bx/n/17.28 pri-me-Fac-tors(long n, LinkedList$\OML/cmm/m/it/17.28 <
 []


Overfull \hbox (19.80151pt too wide) in paragraph at lines 938--939
\OT1/cmr/m/n/12 uma lista de fa-to-res pri-mos que pode ser ge-rada pela classe
 br.com.hkp.classes.math.numberstheory.QuickSieve,
 []

[23] [24] [25]
Underfull \hbox (badness 10000) in paragraph at lines 1050--1050

 []


Overfull \hbox (3.00528pt too wide) in paragraph at lines 1050--1051
[][][][][][][] 
 []

[26

]
Underfull \hbox (badness 10000) in paragraph at lines 1085--1085

 []


Underfull \hbox (badness 10000) in paragraph at lines 1085--1085

 []


Underfull \hbox (badness 10000) in paragraph at lines 1085--1085

 []


Underfull \hbox (badness 10000) in paragraph at lines 1085--1085

 []


Underfull \hbox (badness 10000) in paragraph at lines 1085--1085

 []


Overfull \hbox (3.00528pt too wide) in paragraph at lines 1085--1086
[][][][][][][] 
 []

[27

]
Underfull \hbox (badness 10000) in paragraph at lines 1113--1113

 []


Underfull \hbox (badness 10000) in paragraph at lines 1113--1113

 []


Underfull \hbox (badness 10000) in paragraph at lines 1113--1113

 []


Underfull \hbox (badness 10000) in paragraph at lines 1113--1113

 []


Underfull \hbox (badness 10000) in paragraph at lines 1113--1113

 []


Overfull \hbox (3.00528pt too wide) in paragraph at lines 1113--1114
[][][][][][][] 
 []

[28] [29]
Underfull \hbox (badness 10000) in paragraph at lines 1214--1246

 []


Underfull \hbox (badness 10000) in paragraph at lines 1214--1246

 []


Underfull \hbox (badness 10000) in paragraph at lines 1214--1246

 []


Underfull \hbox (badness 10000) in paragraph at lines 1214--1246

 []


Underfull \hbox (badness 10000) in paragraph at lines 1214--1246

 []


Underfull \hbox (badness 10000) in paragraph at lines 1214--1246

 []


Underfull \hbox (badness 10000) in paragraph at lines 1214--1246

 []


Underfull \hbox (badness 10000) in paragraph at lines 1214--1246

 []


Underfull \hbox (badness 10000) in paragraph at lines 1214--1246

 []


Underfull \hbox (badness 10000) in paragraph at lines 1214--1246

 []

[30]
Underfull \vbox (badness 10000) has occurred while \output is active []

 [31]
[32]
Underfull \vbox (badness 10000) has occurred while \output is active []

 [33]
[34]
Underfull \hbox (badness 10000) in paragraph at lines 1396--1396

 []


Overfull \hbox (3.00528pt too wide) in paragraph at lines 1396--1397
[][][][][][][] 
 []

[35

] [36]
Underfull \hbox (badness 10000) in paragraph at lines 1476--1487

 []


Underfull \hbox (badness 10000) in paragraph at lines 1476--1487

 []


Underfull \hbox (badness 10000) in paragraph at lines 1476--1487

 []

[37]
Underfull \vbox (badness 10000) has occurred while \output is active []

 [38]
Underfull \vbox (badness 10000) has occurred while \output is active []

 [39]
[40]
Underfull \hbox (badness 10000) in paragraph at lines 1637--1637

 []


Overfull \hbox (3.00528pt too wide) in paragraph at lines 1637--1638
[][][][][][][] 
 []

[41

]
Underfull \hbox (badness 10000) in paragraph at lines 1663--1663

 []


Underfull \hbox (badness 10000) in paragraph at lines 1663--1663

 []


Overfull \hbox (3.00528pt too wide) in paragraph at lines 1663--1664
[][][][][][][] 
 []

[42

]
Underfull \hbox (badness 10000) in paragraph at lines 1678--1688

 []


Underfull \hbox (badness 10000) in paragraph at lines 1678--1688

 []


Underfull \hbox (badness 10000) in paragraph at lines 1678--1688

 []


Underfull \hbox (badness 10000) in paragraph at lines 1707--1724

 []


Underfull \hbox (badness 10000) in paragraph at lines 1707--1724

 []


Underfull \hbox (badness 10000) in paragraph at lines 1707--1724

 []


Underfull \hbox (badness 10000) in paragraph at lines 1707--1724

 []


Underfull \hbox (badness 10000) in paragraph at lines 1707--1724

 []

[43]
Underfull \vbox (badness 4378) has occurred while \output is active []

 [44]
Underfull \vbox (badness 10000) has occurred while \output is active []

 [45]
Underfull \vbox (badness 10000) has occurred while \output is active []

 [46]
Underfull \vbox (badness 10000) has occurred while \output is active []

 [47]
Underfull \vbox (badness 10000) has occurred while \output is active []

 [48]
<figuras/Diagrama1.jpeg, id=169, 1391.95032pt x 971.12813pt>
File: figuras/Diagrama1.jpeg Graphic file (type jpg)
<use figuras/Diagrama1.jpeg>
Package pdftex.def Info: figuras/Diagrama1.jpeg  used on input line 1985.
(pdftex.def)             Requested size: 569.04666pt x 369.87717pt.

Overfull \hbox (28.44427pt too wide) in paragraph at lines 1985--1986
 [][] 
 []

[49] [50 <./figuras/Diagrama1.jpeg>] (MathPackage.aux) ) 
Here is how much of TeX's memory you used:
 5939 strings out of 492946
 81534 string characters out of 3124935
 553448 words of memory out of 3000000
 9735 multiletter control sequences out of 15000+200000
 15592 words of font info for 60 fonts, out of 3000000 for 9000
 1141 hyphenation exceptions out of 8191
 41i,9n,40p,1144b,1728s stack positions out of 5000i,500n,10000p,200000b,50000s
<C:/Users/userhugo/AppD
ata/Local/Programs/MiKTeX 2.9/fonts/type1/public/amsfonts/cm/cmbx12.pfb><C:/Use
rs/userhugo/AppData/Local/Programs/MiKTeX 2.9/fonts/type1/public/amsfonts/cm/cm
ex10.pfb><C:/Users/userhugo/AppData/Local/Programs/MiKTeX 2.9/fonts/type1/publi
c/amsfonts/cm/cmmi12.pfb><C:/Users/userhugo/AppData/Local/Programs/MiKTeX 2.9/f
onts/type1/public/amsfonts/cm/cmmi6.pfb><C:/Users/userhugo/AppData/Local/Progra
ms/MiKTeX 2.9/fonts/type1/public/amsfonts/cm/cmmi8.pfb><C:/Users/userhugo/AppDa
ta/Local/Programs/MiKTeX 2.9/fonts/type1/public/amsfonts/cm/cmr12.pfb><C:/Users
/userhugo/AppData/Local/Programs/MiKTeX 2.9/fonts/type1/public/amsfonts/cm/cmr1
7.pfb><C:/Users/userhugo/AppData/Local/Programs/MiKTeX 2.9/fonts/type1/public/a
msfonts/cm/cmr6.pfb><C:/Users/userhugo/AppData/Local/Programs/MiKTeX 2.9/fonts/
type1/public/amsfonts/cm/cmr8.pfb><C:/Users/userhugo/AppData/Local/Programs/MiK
TeX 2.9/fonts/type1/public/amsfonts/cm/cmsl12.pfb><C:/Users/userhugo/AppData/Lo
cal/Programs/MiKTeX 2.9/fonts/type1/public/amsfonts/cm/cmsy10.pfb><C:/Users/use
rhugo/AppData/Local/Programs/MiKTeX 2.9/fonts/type1/public/amsfonts/cm/cmsy8.pf
b><C:/Users/userhugo/AppData/Local/Programs/MiKTeX 2.9/fonts/type1/public/amsfo
nts/cm/cmti12.pfb><C:/Users/userhugo/AppData/Local/Programs/MiKTeX 2.9/fonts/ty
pe1/public/amsfonts/cm/cmtt10.pfb>
Output written on MathPackage.pdf (50 pages, 486844 bytes).
PDF statistics:
 223 PDF objects out of 1000 (max. 8388607)
 0 named destinations out of 1000 (max. 500000)
 11 words of extra memory for PDF output out of 10000 (max. 10000000)

